Determining if files fcntl.h;inttypes.h;memory.h;signal.h;stdarg.h;stddef.h;stdint.h;stdlib.h;string.h;errno.h;unistd.h;time.h;sys/types.h;sys/stat.h;sys/time.h;sys/param.h;netdb.h;dlfcn.h;arpa/inet.h;poll.h;port.h exist failed with the following output:
Change Dir: /home/along/code/FTP/build/CMakeFiles/CMakeTmp

Run Build Command(s):/usr/bin/ninja cmTC_379d4 && [1/2] Building C object CMakeFiles/cmTC_379d4.dir/EVENT__HAVE_PORT_H.c.o
FAILED: CMakeFiles/cmTC_379d4.dir/EVENT__HAVE_PORT_H.c.o 
/usr/bin/gcc -D_GNU_SOURCE  -fdiagnostics-color=always -Wall -Wextra -Wno-unused-parameter -Wstrict-aliasing -Wstrict-prototypes -fno-strict-aliasing -Wmissing-prototypes -Winit-self -Wmissing-field-initializers -Wdeclaration-after-statement -Waddress -Wnormalized=id -Woverride-init -Wlogical-op -Wwrite-strings -o CMakeFiles/cmTC_379d4.dir/EVENT__HAVE_PORT_H.c.o -c /home/along/code/FTP/build/CMakeFiles/CheckIncludeFiles/EVENT__HAVE_PORT_H.c
/home/along/code/FTP/build/CMakeFiles/CheckIncludeFiles/EVENT__HAVE_PORT_H.c:22:10: fatal error: port.h: 没有那个文件或目录
   22 | #include <port.h>
      |          ^~~~~~~~
compilation terminated.
ninja: build stopped: subcommand failed.


Source:
/* */
#include <fcntl.h>
#include <inttypes.h>
#include <memory.h>
#include <signal.h>
#include <stdarg.h>
#include <stddef.h>
#include <stdint.h>
#include <stdlib.h>
#include <string.h>
#include <errno.h>
#include <unistd.h>
#include <time.h>
#include <sys/types.h>
#include <sys/stat.h>
#include <sys/time.h>
#include <sys/param.h>
#include <netdb.h>
#include <dlfcn.h>
#include <arpa/inet.h>
#include <poll.h>
#include <port.h>


int main(void){return 0;}

Determining if files fcntl.h;inttypes.h;memory.h;signal.h;stdarg.h;stddef.h;stdint.h;stdlib.h;string.h;errno.h;unistd.h;time.h;sys/types.h;sys/stat.h;sys/time.h;sys/param.h;netdb.h;dlfcn.h;arpa/inet.h;poll.h;sys/socket.h;sys/random.h;sys/un.h;sys/devpoll.h exist failed with the following output:
Change Dir: /home/along/code/FTP/build/CMakeFiles/CMakeTmp

Run Build Command(s):/usr/bin/ninja cmTC_77406 && [1/2] Building C object CMakeFiles/cmTC_77406.dir/EVENT__HAVE_SYS_DEVPOLL_H.c.o
FAILED: CMakeFiles/cmTC_77406.dir/EVENT__HAVE_SYS_DEVPOLL_H.c.o 
/usr/bin/gcc -D_GNU_SOURCE  -fdiagnostics-color=always -Wall -Wextra -Wno-unused-parameter -Wstrict-aliasing -Wstrict-prototypes -fno-strict-aliasing -Wmissing-prototypes -Winit-self -Wmissing-field-initializers -Wdeclaration-after-statement -Waddress -Wnormalized=id -Woverride-init -Wlogical-op -Wwrite-strings -o CMakeFiles/cmTC_77406.dir/EVENT__HAVE_SYS_DEVPOLL_H.c.o -c /home/along/code/FTP/build/CMakeFiles/CheckIncludeFiles/EVENT__HAVE_SYS_DEVPOLL_H.c
/home/along/code/FTP/build/CMakeFiles/CheckIncludeFiles/EVENT__HAVE_SYS_DEVPOLL_H.c:25:10: fatal error: sys/devpoll.h: 没有那个文件或目录
   25 | #include <sys/devpoll.h>
      |          ^~~~~~~~~~~~~~~
compilation terminated.
ninja: build stopped: subcommand failed.


Source:
/* */
#include <fcntl.h>
#include <inttypes.h>
#include <memory.h>
#include <signal.h>
#include <stdarg.h>
#include <stddef.h>
#include <stdint.h>
#include <stdlib.h>
#include <string.h>
#include <errno.h>
#include <unistd.h>
#include <time.h>
#include <sys/types.h>
#include <sys/stat.h>
#include <sys/time.h>
#include <sys/param.h>
#include <netdb.h>
#include <dlfcn.h>
#include <arpa/inet.h>
#include <poll.h>
#include <sys/socket.h>
#include <sys/random.h>
#include <sys/un.h>
#include <sys/devpoll.h>


int main(void){return 0;}

Determining if files fcntl.h;inttypes.h;memory.h;signal.h;stdarg.h;stddef.h;stdint.h;stdlib.h;string.h;errno.h;unistd.h;time.h;sys/types.h;sys/stat.h;sys/time.h;sys/param.h;netdb.h;dlfcn.h;arpa/inet.h;poll.h;sys/socket.h;sys/random.h;sys/un.h;sys/epoll.h;sys/eventfd.h;sys/event.h exist failed with the following output:
Change Dir: /home/along/code/FTP/build/CMakeFiles/CMakeTmp

Run Build Command(s):/usr/bin/ninja cmTC_221a2 && [1/2] Building C object CMakeFiles/cmTC_221a2.dir/EVENT__HAVE_SYS_EVENT_H.c.o
FAILED: CMakeFiles/cmTC_221a2.dir/EVENT__HAVE_SYS_EVENT_H.c.o 
/usr/bin/gcc -D_GNU_SOURCE  -fdiagnostics-color=always -Wall -Wextra -Wno-unused-parameter -Wstrict-aliasing -Wstrict-prototypes -fno-strict-aliasing -Wmissing-prototypes -Winit-self -Wmissing-field-initializers -Wdeclaration-after-statement -Waddress -Wnormalized=id -Woverride-init -Wlogical-op -Wwrite-strings -o CMakeFiles/cmTC_221a2.dir/EVENT__HAVE_SYS_EVENT_H.c.o -c /home/along/code/FTP/build/CMakeFiles/CheckIncludeFiles/EVENT__HAVE_SYS_EVENT_H.c
/home/along/code/FTP/build/CMakeFiles/CheckIncludeFiles/EVENT__HAVE_SYS_EVENT_H.c:27:10: fatal error: sys/event.h: 没有那个文件或目录
   27 | #include <sys/event.h>
      |          ^~~~~~~~~~~~~
compilation terminated.
ninja: build stopped: subcommand failed.


Source:
/* */
#include <fcntl.h>
#include <inttypes.h>
#include <memory.h>
#include <signal.h>
#include <stdarg.h>
#include <stddef.h>
#include <stdint.h>
#include <stdlib.h>
#include <string.h>
#include <errno.h>
#include <unistd.h>
#include <time.h>
#include <sys/types.h>
#include <sys/stat.h>
#include <sys/time.h>
#include <sys/param.h>
#include <netdb.h>
#include <dlfcn.h>
#include <arpa/inet.h>
#include <poll.h>
#include <sys/socket.h>
#include <sys/random.h>
#include <sys/un.h>
#include <sys/epoll.h>
#include <sys/eventfd.h>
#include <sys/event.h>


int main(void){return 0;}

Determining if files fcntl.h;inttypes.h;memory.h;signal.h;stdarg.h;stddef.h;stdint.h;stdlib.h;string.h;errno.h;unistd.h;time.h;sys/types.h;sys/stat.h;sys/time.h;sys/param.h;netdb.h;dlfcn.h;arpa/inet.h;poll.h;sys/socket.h;sys/random.h;sys/un.h;sys/epoll.h;sys/eventfd.h;sys/ioctl.h;sys/mman.h;sys/queue.h;sys/select.h;sys/sendfile.h;sys/uio.h;sys/wait.h;sys/resource.h;sys/timerfd.h;netinet/in.h;netinet/in6.h exist failed with the following output:
Change Dir: /home/along/code/FTP/build/CMakeFiles/CMakeTmp

Run Build Command(s):/usr/bin/ninja cmTC_69ee9 && [1/2] Building C object CMakeFiles/cmTC_69ee9.dir/EVENT__HAVE_NETINET_IN6_H.c.o
FAILED: CMakeFiles/cmTC_69ee9.dir/EVENT__HAVE_NETINET_IN6_H.c.o 
/usr/bin/gcc -D_GNU_SOURCE  -fdiagnostics-color=always -Wall -Wextra -Wno-unused-parameter -Wstrict-aliasing -Wstrict-prototypes -fno-strict-aliasing -Wmissing-prototypes -Winit-self -Wmissing-field-initializers -Wdeclaration-after-statement -Waddress -Wnormalized=id -Woverride-init -Wlogical-op -Wwrite-strings -o CMakeFiles/cmTC_69ee9.dir/EVENT__HAVE_NETINET_IN6_H.c.o -c /home/along/code/FTP/build/CMakeFiles/CheckIncludeFiles/EVENT__HAVE_NETINET_IN6_H.c
/home/along/code/FTP/build/CMakeFiles/CheckIncludeFiles/EVENT__HAVE_NETINET_IN6_H.c:37:10: fatal error: netinet/in6.h: 没有那个文件或目录
   37 | #include <netinet/in6.h>
      |          ^~~~~~~~~~~~~~~
compilation terminated.
ninja: build stopped: subcommand failed.


Source:
/* */
#include <fcntl.h>
#include <inttypes.h>
#include <memory.h>
#include <signal.h>
#include <stdarg.h>
#include <stddef.h>
#include <stdint.h>
#include <stdlib.h>
#include <string.h>
#include <errno.h>
#include <unistd.h>
#include <time.h>
#include <sys/types.h>
#include <sys/stat.h>
#include <sys/time.h>
#include <sys/param.h>
#include <netdb.h>
#include <dlfcn.h>
#include <arpa/inet.h>
#include <poll.h>
#include <sys/socket.h>
#include <sys/random.h>
#include <sys/un.h>
#include <sys/epoll.h>
#include <sys/eventfd.h>
#include <sys/ioctl.h>
#include <sys/mman.h>
#include <sys/queue.h>
#include <sys/select.h>
#include <sys/sendfile.h>
#include <sys/uio.h>
#include <sys/wait.h>
#include <sys/resource.h>
#include <sys/timerfd.h>
#include <netinet/in.h>
#include <netinet/in6.h>


int main(void){return 0;}

Determining if the strlcpy exist failed with the following output:
Change Dir: /home/along/code/FTP/build/CMakeFiles/CMakeTmp

Run Build Command(s):/usr/bin/ninja cmTC_1dc7c && [1/2] Building C object CMakeFiles/cmTC_1dc7c.dir/CheckSymbolExists.c.o
FAILED: CMakeFiles/cmTC_1dc7c.dir/CheckSymbolExists.c.o 
/usr/bin/gcc -D_GNU_SOURCE  -fdiagnostics-color=always -Wall -Wextra -Wno-unused-parameter -Wstrict-aliasing -Wstrict-prototypes -fno-strict-aliasing -Wmissing-prototypes -Winit-self -Wmissing-field-initializers -Wdeclaration-after-statement -Waddress -Wnormalized=id -Woverride-init -Wlogical-op -Wwrite-strings -o CMakeFiles/cmTC_1dc7c.dir/CheckSymbolExists.c.o -c /home/along/code/FTP/build/CMakeFiles/CMakeTmp/CheckSymbolExists.c
/home/along/code/FTP/build/CMakeFiles/CMakeTmp/CheckSymbolExists.c: In function ‘main’:
/home/along/code/FTP/build/CMakeFiles/CMakeTmp/CheckSymbolExists.c:45:19: error: ‘strlcpy’ undeclared (first use in this function); did you mean ‘strncpy’?
   45 |   return ((int*)(&strlcpy))[argc];
      |                   ^~~~~~~
      |                   strncpy
/home/along/code/FTP/build/CMakeFiles/CMakeTmp/CheckSymbolExists.c:45:19: note: each undeclared identifier is reported only once for each function it appears in
/home/along/code/FTP/build/CMakeFiles/CMakeTmp/CheckSymbolExists.c:41:14: warning: parameter ‘argc’ set but not used [-Wunused-but-set-parameter]
   41 | int main(int argc, char** argv)
      |          ~~~~^~~~
ninja: build stopped: subcommand failed.


File /home/along/code/FTP/build/CMakeFiles/CMakeTmp/CheckSymbolExists.c:
/* */
#include <fcntl.h>
#include <inttypes.h>
#include <memory.h>
#include <signal.h>
#include <stdarg.h>
#include <stddef.h>
#include <stdint.h>
#include <stdlib.h>
#include <string.h>
#include <errno.h>
#include <unistd.h>
#include <time.h>
#include <sys/types.h>
#include <sys/stat.h>
#include <sys/time.h>
#include <sys/param.h>
#include <netdb.h>
#include <dlfcn.h>
#include <arpa/inet.h>
#include <poll.h>
#include <sys/socket.h>
#include <sys/random.h>
#include <sys/un.h>
#include <sys/epoll.h>
#include <sys/eventfd.h>
#include <sys/ioctl.h>
#include <sys/mman.h>
#include <sys/queue.h>
#include <sys/select.h>
#include <sys/sendfile.h>
#include <sys/uio.h>
#include <sys/wait.h>
#include <sys/resource.h>
#include <sys/timerfd.h>
#include <netinet/in.h>
#include <netinet/tcp.h>
#include <ifaddrs.h>
#include <stdio.h>

int main(int argc, char** argv)
{
  (void)argv;
#ifndef strlcpy
  return ((int*)(&strlcpy))[argc];
#else
  (void)argc;
  return 0;
#endif
}
Determining if the port_create exist failed with the following output:
Change Dir: /home/along/code/FTP/build/CMakeFiles/CMakeTmp

Run Build Command(s):/usr/bin/ninja cmTC_6fc8b && [1/2] Building C object CMakeFiles/cmTC_6fc8b.dir/CheckSymbolExists.c.o
FAILED: CMakeFiles/cmTC_6fc8b.dir/CheckSymbolExists.c.o 
/usr/bin/gcc -D_GNU_SOURCE  -fdiagnostics-color=always -Wall -Wextra -Wno-unused-parameter -Wstrict-aliasing -Wstrict-prototypes -fno-strict-aliasing -Wmissing-prototypes -Winit-self -Wmissing-field-initializers -Wdeclaration-after-statement -Waddress -Wnormalized=id -Woverride-init -Wlogical-op -Wwrite-strings -o CMakeFiles/cmTC_6fc8b.dir/CheckSymbolExists.c.o -c /home/along/code/FTP/build/CMakeFiles/CMakeTmp/CheckSymbolExists.c
/home/along/code/FTP/build/CMakeFiles/CMakeTmp/CheckSymbolExists.c: In function ‘main’:
/home/along/code/FTP/build/CMakeFiles/CMakeTmp/CheckSymbolExists.c:45:19: error: ‘port_create’ undeclared (first use in this function); did you mean ‘epoll_create’?
   45 |   return ((int*)(&port_create))[argc];
      |                   ^~~~~~~~~~~
      |                   epoll_create
/home/along/code/FTP/build/CMakeFiles/CMakeTmp/CheckSymbolExists.c:45:19: note: each undeclared identifier is reported only once for each function it appears in
/home/along/code/FTP/build/CMakeFiles/CMakeTmp/CheckSymbolExists.c:41:14: warning: parameter ‘argc’ set but not used [-Wunused-but-set-parameter]
   41 | int main(int argc, char** argv)
      |          ~~~~^~~~
ninja: build stopped: subcommand failed.


File /home/along/code/FTP/build/CMakeFiles/CMakeTmp/CheckSymbolExists.c:
/* */
#include <fcntl.h>
#include <inttypes.h>
#include <memory.h>
#include <signal.h>
#include <stdarg.h>
#include <stddef.h>
#include <stdint.h>
#include <stdlib.h>
#include <string.h>
#include <errno.h>
#include <unistd.h>
#include <time.h>
#include <sys/types.h>
#include <sys/stat.h>
#include <sys/time.h>
#include <sys/param.h>
#include <netdb.h>
#include <dlfcn.h>
#include <arpa/inet.h>
#include <poll.h>
#include <sys/socket.h>
#include <sys/random.h>
#include <sys/un.h>
#include <sys/epoll.h>
#include <sys/eventfd.h>
#include <sys/ioctl.h>
#include <sys/mman.h>
#include <sys/queue.h>
#include <sys/select.h>
#include <sys/sendfile.h>
#include <sys/uio.h>
#include <sys/wait.h>
#include <sys/resource.h>
#include <sys/timerfd.h>
#include <netinet/in.h>
#include <netinet/tcp.h>
#include <ifaddrs.h>
#include <stdio.h>

int main(int argc, char** argv)
{
  (void)argv;
#ifndef port_create
  return ((int*)(&port_create))[argc];
#else
  (void)argc;
  return 0;
#endif
}
Determining if the kqueue exist failed with the following output:
Change Dir: /home/along/code/FTP/build/CMakeFiles/CMakeTmp

Run Build Command(s):/usr/bin/ninja cmTC_fabe0 && [1/2] Building C object CMakeFiles/cmTC_fabe0.dir/CheckSymbolExists.c.o
FAILED: CMakeFiles/cmTC_fabe0.dir/CheckSymbolExists.c.o 
/usr/bin/gcc -D_GNU_SOURCE  -fdiagnostics-color=always -Wall -Wextra -Wno-unused-parameter -Wstrict-aliasing -Wstrict-prototypes -fno-strict-aliasing -Wmissing-prototypes -Winit-self -Wmissing-field-initializers -Wdeclaration-after-statement -Waddress -Wnormalized=id -Woverride-init -Wlogical-op -Wwrite-strings -o CMakeFiles/cmTC_fabe0.dir/CheckSymbolExists.c.o -c /home/along/code/FTP/build/CMakeFiles/CMakeTmp/CheckSymbolExists.c
/home/along/code/FTP/build/CMakeFiles/CMakeTmp/CheckSymbolExists.c: In function ‘main’:
/home/along/code/FTP/build/CMakeFiles/CMakeTmp/CheckSymbolExists.c:45:19: error: ‘kqueue’ undeclared (first use in this function); did you mean ‘sigqueue’?
   45 |   return ((int*)(&kqueue))[argc];
      |                   ^~~~~~
      |                   sigqueue
/home/along/code/FTP/build/CMakeFiles/CMakeTmp/CheckSymbolExists.c:45:19: note: each undeclared identifier is reported only once for each function it appears in
/home/along/code/FTP/build/CMakeFiles/CMakeTmp/CheckSymbolExists.c:41:14: warning: parameter ‘argc’ set but not used [-Wunused-but-set-parameter]
   41 | int main(int argc, char** argv)
      |          ~~~~^~~~
ninja: build stopped: subcommand failed.


File /home/along/code/FTP/build/CMakeFiles/CMakeTmp/CheckSymbolExists.c:
/* */
#include <fcntl.h>
#include <inttypes.h>
#include <memory.h>
#include <signal.h>
#include <stdarg.h>
#include <stddef.h>
#include <stdint.h>
#include <stdlib.h>
#include <string.h>
#include <errno.h>
#include <unistd.h>
#include <time.h>
#include <sys/types.h>
#include <sys/stat.h>
#include <sys/time.h>
#include <sys/param.h>
#include <netdb.h>
#include <dlfcn.h>
#include <arpa/inet.h>
#include <poll.h>
#include <sys/socket.h>
#include <sys/random.h>
#include <sys/un.h>
#include <sys/epoll.h>
#include <sys/eventfd.h>
#include <sys/ioctl.h>
#include <sys/mman.h>
#include <sys/queue.h>
#include <sys/select.h>
#include <sys/sendfile.h>
#include <sys/uio.h>
#include <sys/wait.h>
#include <sys/resource.h>
#include <sys/timerfd.h>
#include <netinet/in.h>
#include <netinet/tcp.h>
#include <ifaddrs.h>
#include <stdio.h>

int main(int argc, char** argv)
{
  (void)argv;
#ifndef kqueue
  return ((int*)(&kqueue))[argc];
#else
  (void)argc;
  return 0;
#endif
}
Determining if the sysctl exist failed with the following output:
Change Dir: /home/along/code/FTP/build/CMakeFiles/CMakeTmp

Run Build Command(s):/usr/bin/ninja cmTC_48bce && [1/2] Building C object CMakeFiles/cmTC_48bce.dir/CheckSymbolExists.c.o
FAILED: CMakeFiles/cmTC_48bce.dir/CheckSymbolExists.c.o 
/usr/bin/gcc -D_GNU_SOURCE  -fdiagnostics-color=always -Wall -Wextra -Wno-unused-parameter -Wstrict-aliasing -Wstrict-prototypes -fno-strict-aliasing -Wmissing-prototypes -Winit-self -Wmissing-field-initializers -Wdeclaration-after-statement -Waddress -Wnormalized=id -Woverride-init -Wlogical-op -Wwrite-strings -o CMakeFiles/cmTC_48bce.dir/CheckSymbolExists.c.o -c /home/along/code/FTP/build/CMakeFiles/CMakeTmp/CheckSymbolExists.c
/home/along/code/FTP/build/CMakeFiles/CMakeTmp/CheckSymbolExists.c: In function ‘main’:
/home/along/code/FTP/build/CMakeFiles/CMakeTmp/CheckSymbolExists.c:45:19: error: ‘sysctl’ undeclared (first use in this function); did you mean ‘syscall’?
   45 |   return ((int*)(&sysctl))[argc];
      |                   ^~~~~~
      |                   syscall
/home/along/code/FTP/build/CMakeFiles/CMakeTmp/CheckSymbolExists.c:45:19: note: each undeclared identifier is reported only once for each function it appears in
/home/along/code/FTP/build/CMakeFiles/CMakeTmp/CheckSymbolExists.c:41:14: warning: parameter ‘argc’ set but not used [-Wunused-but-set-parameter]
   41 | int main(int argc, char** argv)
      |          ~~~~^~~~
ninja: build stopped: subcommand failed.


File /home/along/code/FTP/build/CMakeFiles/CMakeTmp/CheckSymbolExists.c:
/* */
#include <fcntl.h>
#include <inttypes.h>
#include <memory.h>
#include <signal.h>
#include <stdarg.h>
#include <stddef.h>
#include <stdint.h>
#include <stdlib.h>
#include <string.h>
#include <errno.h>
#include <unistd.h>
#include <time.h>
#include <sys/types.h>
#include <sys/stat.h>
#include <sys/time.h>
#include <sys/param.h>
#include <netdb.h>
#include <dlfcn.h>
#include <arpa/inet.h>
#include <poll.h>
#include <sys/socket.h>
#include <sys/random.h>
#include <sys/un.h>
#include <sys/epoll.h>
#include <sys/eventfd.h>
#include <sys/ioctl.h>
#include <sys/mman.h>
#include <sys/queue.h>
#include <sys/select.h>
#include <sys/sendfile.h>
#include <sys/uio.h>
#include <sys/wait.h>
#include <sys/resource.h>
#include <sys/timerfd.h>
#include <netinet/in.h>
#include <netinet/tcp.h>
#include <ifaddrs.h>
#include <stdio.h>

int main(int argc, char** argv)
{
  (void)argv;
#ifndef sysctl
  return ((int*)(&sysctl))[argc];
#else
  (void)argc;
  return 0;
#endif
}
Determining if the arc4random exist failed with the following output:
Change Dir: /home/along/code/FTP/build/CMakeFiles/CMakeTmp

Run Build Command(s):/usr/bin/ninja cmTC_a6694 && [1/2] Building C object CMakeFiles/cmTC_a6694.dir/CheckSymbolExists.c.o
FAILED: CMakeFiles/cmTC_a6694.dir/CheckSymbolExists.c.o 
/usr/bin/gcc -D_GNU_SOURCE  -fdiagnostics-color=always -Wall -Wextra -Wno-unused-parameter -Wstrict-aliasing -Wstrict-prototypes -fno-strict-aliasing -Wmissing-prototypes -Winit-self -Wmissing-field-initializers -Wdeclaration-after-statement -Waddress -Wnormalized=id -Woverride-init -Wlogical-op -Wwrite-strings -o CMakeFiles/cmTC_a6694.dir/CheckSymbolExists.c.o -c /home/along/code/FTP/build/CMakeFiles/CMakeTmp/CheckSymbolExists.c
/home/along/code/FTP/build/CMakeFiles/CMakeTmp/CheckSymbolExists.c: In function ‘main’:
/home/along/code/FTP/build/CMakeFiles/CMakeTmp/CheckSymbolExists.c:45:19: error: ‘arc4random’ undeclared (first use in this function)
   45 |   return ((int*)(&arc4random))[argc];
      |                   ^~~~~~~~~~
/home/along/code/FTP/build/CMakeFiles/CMakeTmp/CheckSymbolExists.c:45:19: note: each undeclared identifier is reported only once for each function it appears in
/home/along/code/FTP/build/CMakeFiles/CMakeTmp/CheckSymbolExists.c:41:14: warning: parameter ‘argc’ set but not used [-Wunused-but-set-parameter]
   41 | int main(int argc, char** argv)
      |          ~~~~^~~~
ninja: build stopped: subcommand failed.


File /home/along/code/FTP/build/CMakeFiles/CMakeTmp/CheckSymbolExists.c:
/* */
#include <fcntl.h>
#include <inttypes.h>
#include <memory.h>
#include <signal.h>
#include <stdarg.h>
#include <stddef.h>
#include <stdint.h>
#include <stdlib.h>
#include <string.h>
#include <errno.h>
#include <unistd.h>
#include <time.h>
#include <sys/types.h>
#include <sys/stat.h>
#include <sys/time.h>
#include <sys/param.h>
#include <netdb.h>
#include <dlfcn.h>
#include <arpa/inet.h>
#include <poll.h>
#include <sys/socket.h>
#include <sys/random.h>
#include <sys/un.h>
#include <sys/epoll.h>
#include <sys/eventfd.h>
#include <sys/ioctl.h>
#include <sys/mman.h>
#include <sys/queue.h>
#include <sys/select.h>
#include <sys/sendfile.h>
#include <sys/uio.h>
#include <sys/wait.h>
#include <sys/resource.h>
#include <sys/timerfd.h>
#include <netinet/in.h>
#include <netinet/tcp.h>
#include <ifaddrs.h>
#include <stdio.h>

int main(int argc, char** argv)
{
  (void)argv;
#ifndef arc4random
  return ((int*)(&arc4random))[argc];
#else
  (void)argc;
  return 0;
#endif
}
Determining if the arc4random_buf exist failed with the following output:
Change Dir: /home/along/code/FTP/build/CMakeFiles/CMakeTmp

Run Build Command(s):/usr/bin/ninja cmTC_22b8a && [1/2] Building C object CMakeFiles/cmTC_22b8a.dir/CheckSymbolExists.c.o
FAILED: CMakeFiles/cmTC_22b8a.dir/CheckSymbolExists.c.o 
/usr/bin/gcc -D_GNU_SOURCE  -fdiagnostics-color=always -Wall -Wextra -Wno-unused-parameter -Wstrict-aliasing -Wstrict-prototypes -fno-strict-aliasing -Wmissing-prototypes -Winit-self -Wmissing-field-initializers -Wdeclaration-after-statement -Waddress -Wnormalized=id -Woverride-init -Wlogical-op -Wwrite-strings -o CMakeFiles/cmTC_22b8a.dir/CheckSymbolExists.c.o -c /home/along/code/FTP/build/CMakeFiles/CMakeTmp/CheckSymbolExists.c
/home/along/code/FTP/build/CMakeFiles/CMakeTmp/CheckSymbolExists.c: In function ‘main’:
/home/along/code/FTP/build/CMakeFiles/CMakeTmp/CheckSymbolExists.c:45:19: error: ‘arc4random_buf’ undeclared (first use in this function)
   45 |   return ((int*)(&arc4random_buf))[argc];
      |                   ^~~~~~~~~~~~~~
/home/along/code/FTP/build/CMakeFiles/CMakeTmp/CheckSymbolExists.c:45:19: note: each undeclared identifier is reported only once for each function it appears in
/home/along/code/FTP/build/CMakeFiles/CMakeTmp/CheckSymbolExists.c:41:14: warning: parameter ‘argc’ set but not used [-Wunused-but-set-parameter]
   41 | int main(int argc, char** argv)
      |          ~~~~^~~~
ninja: build stopped: subcommand failed.


File /home/along/code/FTP/build/CMakeFiles/CMakeTmp/CheckSymbolExists.c:
/* */
#include <fcntl.h>
#include <inttypes.h>
#include <memory.h>
#include <signal.h>
#include <stdarg.h>
#include <stddef.h>
#include <stdint.h>
#include <stdlib.h>
#include <string.h>
#include <errno.h>
#include <unistd.h>
#include <time.h>
#include <sys/types.h>
#include <sys/stat.h>
#include <sys/time.h>
#include <sys/param.h>
#include <netdb.h>
#include <dlfcn.h>
#include <arpa/inet.h>
#include <poll.h>
#include <sys/socket.h>
#include <sys/random.h>
#include <sys/un.h>
#include <sys/epoll.h>
#include <sys/eventfd.h>
#include <sys/ioctl.h>
#include <sys/mman.h>
#include <sys/queue.h>
#include <sys/select.h>
#include <sys/sendfile.h>
#include <sys/uio.h>
#include <sys/wait.h>
#include <sys/resource.h>
#include <sys/timerfd.h>
#include <netinet/in.h>
#include <netinet/tcp.h>
#include <ifaddrs.h>
#include <stdio.h>

int main(int argc, char** argv)
{
  (void)argv;
#ifndef arc4random_buf
  return ((int*)(&arc4random_buf))[argc];
#else
  (void)argc;
  return 0;
#endif
}
Determining if the arc4random_addrandom exist failed with the following output:
Change Dir: /home/along/code/FTP/build/CMakeFiles/CMakeTmp

Run Build Command(s):/usr/bin/ninja cmTC_afbd6 && [1/2] Building C object CMakeFiles/cmTC_afbd6.dir/CheckSymbolExists.c.o
FAILED: CMakeFiles/cmTC_afbd6.dir/CheckSymbolExists.c.o 
/usr/bin/gcc -D_GNU_SOURCE  -fdiagnostics-color=always -Wall -Wextra -Wno-unused-parameter -Wstrict-aliasing -Wstrict-prototypes -fno-strict-aliasing -Wmissing-prototypes -Winit-self -Wmissing-field-initializers -Wdeclaration-after-statement -Waddress -Wnormalized=id -Woverride-init -Wlogical-op -Wwrite-strings -o CMakeFiles/cmTC_afbd6.dir/CheckSymbolExists.c.o -c /home/along/code/FTP/build/CMakeFiles/CMakeTmp/CheckSymbolExists.c
/home/along/code/FTP/build/CMakeFiles/CMakeTmp/CheckSymbolExists.c: In function ‘main’:
/home/along/code/FTP/build/CMakeFiles/CMakeTmp/CheckSymbolExists.c:45:19: error: ‘arc4random_addrandom’ undeclared (first use in this function)
   45 |   return ((int*)(&arc4random_addrandom))[argc];
      |                   ^~~~~~~~~~~~~~~~~~~~
/home/along/code/FTP/build/CMakeFiles/CMakeTmp/CheckSymbolExists.c:45:19: note: each undeclared identifier is reported only once for each function it appears in
/home/along/code/FTP/build/CMakeFiles/CMakeTmp/CheckSymbolExists.c:41:14: warning: parameter ‘argc’ set but not used [-Wunused-but-set-parameter]
   41 | int main(int argc, char** argv)
      |          ~~~~^~~~
ninja: build stopped: subcommand failed.


File /home/along/code/FTP/build/CMakeFiles/CMakeTmp/CheckSymbolExists.c:
/* */
#include <fcntl.h>
#include <inttypes.h>
#include <memory.h>
#include <signal.h>
#include <stdarg.h>
#include <stddef.h>
#include <stdint.h>
#include <stdlib.h>
#include <string.h>
#include <errno.h>
#include <unistd.h>
#include <time.h>
#include <sys/types.h>
#include <sys/stat.h>
#include <sys/time.h>
#include <sys/param.h>
#include <netdb.h>
#include <dlfcn.h>
#include <arpa/inet.h>
#include <poll.h>
#include <sys/socket.h>
#include <sys/random.h>
#include <sys/un.h>
#include <sys/epoll.h>
#include <sys/eventfd.h>
#include <sys/ioctl.h>
#include <sys/mman.h>
#include <sys/queue.h>
#include <sys/select.h>
#include <sys/sendfile.h>
#include <sys/uio.h>
#include <sys/wait.h>
#include <sys/resource.h>
#include <sys/timerfd.h>
#include <netinet/in.h>
#include <netinet/tcp.h>
#include <ifaddrs.h>
#include <stdio.h>

int main(int argc, char** argv)
{
  (void)argv;
#ifndef arc4random_addrandom
  return ((int*)(&arc4random_addrandom))[argc];
#else
  (void)argc;
  return 0;
#endif
}
Determining if the issetugid exist failed with the following output:
Change Dir: /home/along/code/FTP/build/CMakeFiles/CMakeTmp

Run Build Command(s):/usr/bin/ninja cmTC_e14d0 && [1/2] Building C object CMakeFiles/cmTC_e14d0.dir/CheckSymbolExists.c.o
FAILED: CMakeFiles/cmTC_e14d0.dir/CheckSymbolExists.c.o 
/usr/bin/gcc -D_GNU_SOURCE  -fdiagnostics-color=always -Wall -Wextra -Wno-unused-parameter -Wstrict-aliasing -Wstrict-prototypes -fno-strict-aliasing -Wmissing-prototypes -Winit-self -Wmissing-field-initializers -Wdeclaration-after-statement -Waddress -Wnormalized=id -Woverride-init -Wlogical-op -Wwrite-strings -o CMakeFiles/cmTC_e14d0.dir/CheckSymbolExists.c.o -c /home/along/code/FTP/build/CMakeFiles/CMakeTmp/CheckSymbolExists.c
/home/along/code/FTP/build/CMakeFiles/CMakeTmp/CheckSymbolExists.c: In function ‘main’:
/home/along/code/FTP/build/CMakeFiles/CMakeTmp/CheckSymbolExists.c:45:19: error: ‘issetugid’ undeclared (first use in this function); did you mean ‘setegid’?
   45 |   return ((int*)(&issetugid))[argc];
      |                   ^~~~~~~~~
      |                   setegid
/home/along/code/FTP/build/CMakeFiles/CMakeTmp/CheckSymbolExists.c:45:19: note: each undeclared identifier is reported only once for each function it appears in
/home/along/code/FTP/build/CMakeFiles/CMakeTmp/CheckSymbolExists.c:41:14: warning: parameter ‘argc’ set but not used [-Wunused-but-set-parameter]
   41 | int main(int argc, char** argv)
      |          ~~~~^~~~
ninja: build stopped: subcommand failed.


File /home/along/code/FTP/build/CMakeFiles/CMakeTmp/CheckSymbolExists.c:
/* */
#include <fcntl.h>
#include <inttypes.h>
#include <memory.h>
#include <signal.h>
#include <stdarg.h>
#include <stddef.h>
#include <stdint.h>
#include <stdlib.h>
#include <string.h>
#include <errno.h>
#include <unistd.h>
#include <time.h>
#include <sys/types.h>
#include <sys/stat.h>
#include <sys/time.h>
#include <sys/param.h>
#include <netdb.h>
#include <dlfcn.h>
#include <arpa/inet.h>
#include <poll.h>
#include <sys/socket.h>
#include <sys/random.h>
#include <sys/un.h>
#include <sys/epoll.h>
#include <sys/eventfd.h>
#include <sys/ioctl.h>
#include <sys/mman.h>
#include <sys/queue.h>
#include <sys/select.h>
#include <sys/sendfile.h>
#include <sys/uio.h>
#include <sys/wait.h>
#include <sys/resource.h>
#include <sys/timerfd.h>
#include <netinet/in.h>
#include <netinet/tcp.h>
#include <ifaddrs.h>
#include <stdio.h>

int main(int argc, char** argv)
{
  (void)argv;
#ifndef issetugid
  return ((int*)(&issetugid))[argc];
#else
  (void)argc;
  return 0;
#endif
}
Determining if the prototype gethostbyname_r exists for EVENT__HAVE_GETHOSTBYNAME_R_3_ARG failed with the following output:
Change Dir: /home/along/code/FTP/build/CMakeFiles/CMakeTmp

Run Build Command(s):/usr/bin/ninja cmTC_39d47 && [1/2] Building C object CMakeFiles/cmTC_39d47.dir/CheckPrototypeDefinition.c.o
FAILED: CMakeFiles/cmTC_39d47.dir/CheckPrototypeDefinition.c.o 
/usr/bin/gcc -D_GNU_SOURCE  -fdiagnostics-color=always -Wall -Wextra -Wno-unused-parameter -Wstrict-aliasing -Wstrict-prototypes -fno-strict-aliasing -Wmissing-prototypes -Winit-self -Wmissing-field-initializers -Wdeclaration-after-statement -Waddress -Wnormalized=id -Woverride-init -Wlogical-op -Wwrite-strings -o CMakeFiles/cmTC_39d47.dir/CheckPrototypeDefinition.c.o -c /home/along/code/FTP/build/CMakeFiles/CMakeTmp/CheckPrototypeDefinition.c
/home/along/code/FTP/build/CMakeFiles/CMakeTmp/CheckPrototypeDefinition.c:14:66: warning: ‘struct hostent_data’ declared inside parameter list will not be visible outside of this definition or declaration
   14 | int gethostbyname_r(const char *name, struct hostent *hp, struct hostent_data *hdata) {
      |                                                                  ^~~~~~~~~~~~
/home/along/code/FTP/build/CMakeFiles/CMakeTmp/CheckPrototypeDefinition.c:14:5: error: conflicting types for ‘gethostbyname_r’; have ‘int(const char *, struct hostent *, struct hostent_data *)’
   14 | int gethostbyname_r(const char *name, struct hostent *hp, struct hostent_data *hdata) {
      |     ^~~~~~~~~~~~~~~
In file included from /home/along/code/FTP/build/CMakeFiles/CMakeTmp/CheckPrototypeDefinition.c:1:
/usr/include/netdb.h:177:12: note: previous declaration of ‘gethostbyname_r’ with type ‘int(const char * restrict,  struct hostent * restrict,  char * restrict,  size_t,  struct hostent ** restrict,  int * restrict)’ {aka ‘int(const char * restrict,  struct hostent * restrict,  char * restrict,  long unsigned int,  struct hostent ** restrict,  int * restrict)’}
  177 | extern int gethostbyname_r (const char *__restrict __name,
      |            ^~~~~~~~~~~~~~~
ninja: build stopped: subcommand failed.



#include <netdb.h>


static void cmakeRequireSymbol(int dummy, ...) {
  (void) dummy;
}

static void checkSymbol(void) {
#ifndef gethostbyname_r
  cmakeRequireSymbol(0, &gethostbyname_r);
#endif
}

int gethostbyname_r(const char *name, struct hostent *hp, struct hostent_data *hdata) {
  return 0;
}

#ifdef __CLASSIC_C__
int main() {
  int ac;
  char*av[];
#else
int main(int ac, char *av[]) {
#endif
  checkSymbol();
  if (ac > 1000) {
    return *av[0];
  }
  return 0;
}


Determining if the prototype gethostbyname_r exists for EVENT__HAVE_GETHOSTBYNAME_R_5_ARG failed with the following output:
Change Dir: /home/along/code/FTP/build/CMakeFiles/CMakeTmp

Run Build Command(s):/usr/bin/ninja cmTC_95837 && [1/2] Building C object CMakeFiles/cmTC_95837.dir/CheckPrototypeDefinition.c.o
FAILED: CMakeFiles/cmTC_95837.dir/CheckPrototypeDefinition.c.o 
/usr/bin/gcc -D_GNU_SOURCE  -fdiagnostics-color=always -Wall -Wextra -Wno-unused-parameter -Wstrict-aliasing -Wstrict-prototypes -fno-strict-aliasing -Wmissing-prototypes -Winit-self -Wmissing-field-initializers -Wdeclaration-after-statement -Waddress -Wnormalized=id -Woverride-init -Wlogical-op -Wwrite-strings -o CMakeFiles/cmTC_95837.dir/CheckPrototypeDefinition.c.o -c /home/along/code/FTP/build/CMakeFiles/CMakeTmp/CheckPrototypeDefinition.c
/home/along/code/FTP/build/CMakeFiles/CMakeTmp/CheckPrototypeDefinition.c:14:17: error: conflicting types for ‘gethostbyname_r’; have ‘struct hostent *(const char *, struct hostent *, char *, size_t,  int *)’ {aka ‘struct hostent *(const char *, struct hostent *, char *, long unsigned int,  int *)’}
   14 | struct hostent *gethostbyname_r(const char *name, struct hostent *hp, char *buf, size_t buflen, int *herr) {
      |                 ^~~~~~~~~~~~~~~
In file included from /home/along/code/FTP/build/CMakeFiles/CMakeTmp/CheckPrototypeDefinition.c:1:
/usr/include/netdb.h:177:12: note: previous declaration of ‘gethostbyname_r’ with type ‘int(const char * restrict,  struct hostent * restrict,  char * restrict,  size_t,  struct hostent ** restrict,  int * restrict)’ {aka ‘int(const char * restrict,  struct hostent * restrict,  char * restrict,  long unsigned int,  struct hostent ** restrict,  int * restrict)’}
  177 | extern int gethostbyname_r (const char *__restrict __name,
      |            ^~~~~~~~~~~~~~~
/home/along/code/FTP/build/CMakeFiles/CMakeTmp/CheckPrototypeDefinition.c: In function ‘gethostbyname_r’:
/home/along/code/FTP/build/CMakeFiles/CMakeTmp/CheckPrototypeDefinition.c:15:10: error: ‘NULL’ undeclared (first use in this function)
   15 |   return NULL;
      |          ^~~~
/home/along/code/FTP/build/CMakeFiles/CMakeTmp/CheckPrototypeDefinition.c:2:1: note: ‘NULL’ is defined in header ‘<stddef.h>’; did you forget to ‘#include <stddef.h>’?
    1 | #include <netdb.h>
  +++ |+#include <stddef.h>
    2 | 
/home/along/code/FTP/build/CMakeFiles/CMakeTmp/CheckPrototypeDefinition.c:15:10: note: each undeclared identifier is reported only once for each function it appears in
   15 |   return NULL;
      |          ^~~~
/home/along/code/FTP/build/CMakeFiles/CMakeTmp/CheckPrototypeDefinition.c:16:1: warning: control reaches end of non-void function [-Wreturn-type]
   16 | }
      | ^
ninja: build stopped: subcommand failed.



#include <netdb.h>


static void cmakeRequireSymbol(int dummy, ...) {
  (void) dummy;
}

static void checkSymbol(void) {
#ifndef gethostbyname_r
  cmakeRequireSymbol(0, &gethostbyname_r);
#endif
}

struct hostent *gethostbyname_r(const char *name, struct hostent *hp, char *buf, size_t buflen, int *herr) {
  return NULL;
}

#ifdef __CLASSIC_C__
int main() {
  int ac;
  char*av[];
#else
int main(int ac, char *av[]) {
#endif
  checkSymbol();
  if (ac > 1000) {
    return *av[0];
  }
  return 0;
}


Performing C SOURCE FILE Test EVENT__HAVE_DECL_CTL_KERN failed with the following output:
Change Dir: /home/along/code/FTP/build/CMakeFiles/CMakeTmp

Run Build Command(s):/usr/bin/ninja cmTC_8b984 && [1/2] Building C object CMakeFiles/cmTC_8b984.dir/src.c.o
FAILED: CMakeFiles/cmTC_8b984.dir/src.c.o 
/usr/bin/gcc -DEVENT__HAVE_DECL_CTL_KERN -D_GNU_SOURCE  -fdiagnostics-color=always -Wall -Wextra -Wno-unused-parameter -Wstrict-aliasing -Wstrict-prototypes -fno-strict-aliasing -Wmissing-prototypes -Winit-self -Wmissing-field-initializers -Wdeclaration-after-statement -Waddress -Wnormalized=id -Woverride-init -Wlogical-op -Wwrite-strings -o CMakeFiles/cmTC_8b984.dir/src.c.o -c /home/along/code/FTP/build/CMakeFiles/CMakeTmp/src.c
/home/along/code/FTP/build/CMakeFiles/CMakeTmp/src.c:2:20: fatal error: sys/sysctl.h: 没有那个文件或目录
    2 |           #include <sys/sysctl.h>
      |                    ^~~~~~~~~~~~~~
compilation terminated.
ninja: build stopped: subcommand failed.


Source file was:

          #include <sys/sysctl.h>
        int main() { (void)CTL_KERN; return 0; }
Performing C SOURCE FILE Test EVENT__HAVE_DECL_KERN_ARND failed with the following output:
Change Dir: /home/along/code/FTP/build/CMakeFiles/CMakeTmp

Run Build Command(s):/usr/bin/ninja cmTC_a12a9 && [1/2] Building C object CMakeFiles/cmTC_a12a9.dir/src.c.o
FAILED: CMakeFiles/cmTC_a12a9.dir/src.c.o 
/usr/bin/gcc -DEVENT__HAVE_DECL_KERN_ARND -D_GNU_SOURCE  -fdiagnostics-color=always -Wall -Wextra -Wno-unused-parameter -Wstrict-aliasing -Wstrict-prototypes -fno-strict-aliasing -Wmissing-prototypes -Winit-self -Wmissing-field-initializers -Wdeclaration-after-statement -Waddress -Wnormalized=id -Woverride-init -Wlogical-op -Wwrite-strings -o CMakeFiles/cmTC_a12a9.dir/src.c.o -c /home/along/code/FTP/build/CMakeFiles/CMakeTmp/src.c
/home/along/code/FTP/build/CMakeFiles/CMakeTmp/src.c:2:20: fatal error: sys/sysctl.h: 没有那个文件或目录
    2 |           #include <sys/sysctl.h>
      |                    ^~~~~~~~~~~~~~
compilation terminated.
ninja: build stopped: subcommand failed.


Source file was:

          #include <sys/sysctl.h>
        int main() { (void)KERN_ARND; return 0; }
Determining size of SSIZE_T failed with the following output:
Change Dir: /home/along/code/FTP/build/CMakeFiles/CMakeTmp

Run Build Command(s):/usr/bin/ninja cmTC_2234a && [1/2] Building C object CMakeFiles/cmTC_2234a.dir/EVENT__SIZEOF_SSIZE_T_UPPER.c.o
FAILED: CMakeFiles/cmTC_2234a.dir/EVENT__SIZEOF_SSIZE_T_UPPER.c.o 
/usr/bin/gcc -D_GNU_SOURCE  -fdiagnostics-color=always -Wall -Wextra -Wno-unused-parameter -Wstrict-aliasing -Wstrict-prototypes -fno-strict-aliasing -Wmissing-prototypes -Winit-self -Wmissing-field-initializers -Wdeclaration-after-statement -Waddress -Wnormalized=id -Woverride-init -Wlogical-op -Wwrite-strings -o CMakeFiles/cmTC_2234a.dir/EVENT__SIZEOF_SSIZE_T_UPPER.c.o -c /home/along/code/FTP/build/CMakeFiles/CheckTypeSize/EVENT__SIZEOF_SSIZE_T_UPPER.c
/home/along/code/FTP/build/CMakeFiles/CheckTypeSize/EVENT__SIZEOF_SSIZE_T_UPPER.c:65:22: error: ‘SSIZE_T’ undeclared here (not in a function)
   65 | #define SIZE (sizeof(SSIZE_T))
      |                      ^~~~~~~
/home/along/code/FTP/build/CMakeFiles/CheckTypeSize/EVENT__SIZEOF_SSIZE_T_UPPER.c:67:12: note: in expansion of macro ‘SIZE’
   67 |   ('0' + ((SIZE / 10000)%10)),
      |            ^~~~
ninja: build stopped: subcommand failed.


/home/along/code/FTP/build/CMakeFiles/CheckTypeSize/EVENT__SIZEOF_SSIZE_T_UPPER.c:
#include <sys/types.h>
#include <stdint.h>
#include <stddef.h>
#include "fcntl.h"
#include "inttypes.h"
#include "memory.h"
#include "signal.h"
#include "stdarg.h"
#include "stddef.h"
#include "stdint.h"
#include "stdlib.h"
#include "string.h"
#include "errno.h"
#include "unistd.h"
#include "time.h"
#include "sys/types.h"
#include "sys/stat.h"
#include "sys/time.h"
#include "sys/param.h"
#include "netdb.h"
#include "dlfcn.h"
#include "arpa/inet.h"
#include "poll.h"
#include "sys/socket.h"
#include "sys/random.h"
#include "sys/un.h"
#include "sys/epoll.h"
#include "sys/eventfd.h"
#include "sys/ioctl.h"
#include "sys/mman.h"
#include "sys/queue.h"
#include "sys/select.h"
#include "sys/sendfile.h"
#include "sys/uio.h"
#include "sys/wait.h"
#include "sys/resource.h"
#include "sys/timerfd.h"
#include "netinet/in.h"
#include "netinet/tcp.h"
#include "ifaddrs.h"
#include "stdio.h"


#undef KEY
#if defined(__i386)
# define KEY '_','_','i','3','8','6'
#elif defined(__x86_64)
# define KEY '_','_','x','8','6','_','6','4'
#elif defined(__PPC64__)
# define KEY '_','_','P','P','C','6','4','_','_'
#elif defined(__ppc64__)
# define KEY '_','_','p','p','c','6','4','_','_'
#elif defined(__PPC__)
# define KEY '_','_','P','P','C','_','_'
#elif defined(__ppc__)
# define KEY '_','_','p','p','c','_','_'
#elif defined(__aarch64__)
# define KEY '_','_','a','a','r','c','h','6','4','_','_'
#elif defined(__ARM_ARCH_7A__)
# define KEY '_','_','A','R','M','_','A','R','C','H','_','7','A','_','_'
#elif defined(__ARM_ARCH_7S__)
# define KEY '_','_','A','R','M','_','A','R','C','H','_','7','S','_','_'
#endif

#define SIZE (sizeof(SSIZE_T))
static char info_size[] =  {'I', 'N', 'F', 'O', ':', 's','i','z','e','[',
  ('0' + ((SIZE / 10000)%10)),
  ('0' + ((SIZE / 1000)%10)),
  ('0' + ((SIZE / 100)%10)),
  ('0' + ((SIZE / 10)%10)),
  ('0' +  (SIZE    % 10)),
  ']',
#ifdef KEY
  ' ','k','e','y','[', KEY, ']',
#endif
  '\0'};

#ifdef __CLASSIC_C__
int main(argc, argv) int argc; char *argv[];
#else
int main(int argc, char *argv[])
#endif
{
  int require = 0;
  require += info_size[argc];
  (void)argv;
  return require;
}


Performing C SOURCE FILE Test EVENT__HAVE_STRUCT_SOCKADDR_IN6_SIN6_LEN failed with the following output:
Change Dir: /home/along/code/FTP/build/CMakeFiles/CMakeTmp

Run Build Command(s):/usr/bin/ninja cmTC_15188 && [1/2] Building C object CMakeFiles/cmTC_15188.dir/src.c.o
FAILED: CMakeFiles/cmTC_15188.dir/src.c.o 
/usr/bin/gcc -DEVENT__HAVE_STRUCT_SOCKADDR_IN6_SIN6_LEN -D_GNU_SOURCE  -fdiagnostics-color=always -Wall -Wextra -Wno-unused-parameter -Wstrict-aliasing -Wstrict-prototypes -fno-strict-aliasing -Wmissing-prototypes -Winit-self -Wmissing-field-initializers -Wdeclaration-after-statement -Waddress -Wnormalized=id -Woverride-init -Wlogical-op -Wwrite-strings -o CMakeFiles/cmTC_15188.dir/src.c.o -c /home/along/code/FTP/build/CMakeFiles/CMakeTmp/src.c
/home/along/code/FTP/build/CMakeFiles/CMakeTmp/src.c:6:5: warning: function declaration isn’t a prototype [-Wstrict-prototypes]
    6 | int main()
      |     ^~~~
/home/along/code/FTP/build/CMakeFiles/CMakeTmp/src.c: In function ‘main’:
/home/along/code/FTP/build/CMakeFiles/CMakeTmp/src.c:8:42: error: ‘struct sockaddr_in6’ has no member named ‘sin6_len’
    8 |   (void)sizeof(((struct sockaddr_in6 *)0)->sin6_len);
      |                                          ^~
ninja: build stopped: subcommand failed.


Source file was:

#include <netinet/in.h>
#include <sys/socket.h>
#include <netdb.h>

int main()
{
  (void)sizeof(((struct sockaddr_in6 *)0)->sin6_len);
  return 0;
}

Performing C SOURCE FILE Test EVENT__HAVE_STRUCT_SOCKADDR_IN_SIN_LEN failed with the following output:
Change Dir: /home/along/code/FTP/build/CMakeFiles/CMakeTmp

Run Build Command(s):/usr/bin/ninja cmTC_6f134 && [1/2] Building C object CMakeFiles/cmTC_6f134.dir/src.c.o
FAILED: CMakeFiles/cmTC_6f134.dir/src.c.o 
/usr/bin/gcc -DEVENT__HAVE_STRUCT_SOCKADDR_IN_SIN_LEN -D_GNU_SOURCE  -fdiagnostics-color=always -Wall -Wextra -Wno-unused-parameter -Wstrict-aliasing -Wstrict-prototypes -fno-strict-aliasing -Wmissing-prototypes -Winit-self -Wmissing-field-initializers -Wdeclaration-after-statement -Waddress -Wnormalized=id -Woverride-init -Wlogical-op -Wwrite-strings -o CMakeFiles/cmTC_6f134.dir/src.c.o -c /home/along/code/FTP/build/CMakeFiles/CMakeTmp/src.c
/home/along/code/FTP/build/CMakeFiles/CMakeTmp/src.c:6:5: warning: function declaration isn’t a prototype [-Wstrict-prototypes]
    6 | int main()
      |     ^~~~
/home/along/code/FTP/build/CMakeFiles/CMakeTmp/src.c: In function ‘main’:
/home/along/code/FTP/build/CMakeFiles/CMakeTmp/src.c:8:42: error: ‘struct sockaddr_in6’ has no member named ‘sin_len’
    8 |   (void)sizeof(((struct sockaddr_in6 *)0)->sin_len);
      |                                          ^~
ninja: build stopped: subcommand failed.


Source file was:

#include <netinet/in.h>
#include <sys/socket.h>
#include <netdb.h>

int main()
{
  (void)sizeof(((struct sockaddr_in6 *)0)->sin_len);
  return 0;
}

Performing C SOURCE FILE Test EVENT__HAVE_STRUCT_SOCKADDR_STORAGE___SS_FAMILY failed with the following output:
Change Dir: /home/along/code/FTP/build/CMakeFiles/CMakeTmp

Run Build Command(s):/usr/bin/ninja cmTC_d83ed && [1/2] Building C object CMakeFiles/cmTC_d83ed.dir/src.c.o
FAILED: CMakeFiles/cmTC_d83ed.dir/src.c.o 
/usr/bin/gcc -DEVENT__HAVE_STRUCT_SOCKADDR_STORAGE___SS_FAMILY -D_GNU_SOURCE  -fdiagnostics-color=always -Wall -Wextra -Wno-unused-parameter -Wstrict-aliasing -Wstrict-prototypes -fno-strict-aliasing -Wmissing-prototypes -Winit-self -Wmissing-field-initializers -Wdeclaration-after-statement -Waddress -Wnormalized=id -Woverride-init -Wlogical-op -Wwrite-strings -o CMakeFiles/cmTC_d83ed.dir/src.c.o -c /home/along/code/FTP/build/CMakeFiles/CMakeTmp/src.c
/home/along/code/FTP/build/CMakeFiles/CMakeTmp/src.c:6:5: warning: function declaration isn’t a prototype [-Wstrict-prototypes]
    6 | int main()
      |     ^~~~
/home/along/code/FTP/build/CMakeFiles/CMakeTmp/src.c: In function ‘main’:
/home/along/code/FTP/build/CMakeFiles/CMakeTmp/src.c:8:48: error: ‘struct sockaddr_storage’ has no member named ‘__ss_family’; did you mean ‘ss_family’?
    8 |   (void)sizeof(((struct sockaddr_storage *)0)->__ss_family);
      |                                                ^~~~~~~~~~~
      |                                                ss_family
ninja: build stopped: subcommand failed.


Source file was:

#include <netinet/in.h>
#include <sys/socket.h>
#include <netdb.h>

int main()
{
  (void)sizeof(((struct sockaddr_storage *)0)->__ss_family);
  return 0;
}

